make all --print-data-base --no-builtin-variables --no-builtin-rules --question
make: *** No rule to make target 'digital.o', needed by 'main.elf'.  Stop.

# GNU Make 4.3
# Built for x86_64-pc-linux-gnu
# Copyright (C) 1988-2020 Free Software Foundation, Inc.
# License GPLv3+: GNU GPL version 3 or later <http://gnu.org/licenses/gpl.html>
# This is free software: you are free to change and redistribute it.
# There is NO WARRANTY, to the extent permitted by law.

# Make data base, printed on Mon Aug  1 14:28:43 2022

# Variables

# environment
GDK_BACKEND = x11
# makefile (from 'Makefile', line 12)
AS = $(GCC_BIN)arm-none-eabi-as
# environment
LC_ALL = C
# environment
GNOME_SHELL_SESSION_MODE = ubuntu
# environment
SSH_AGENT_LAUNCHER = gnome-keyring
# makefile (from 'Makefile', line 8)
LINKER_SCRIPT = ./LPC1768/LPC1768.ld
# environment
SNAP_INSTANCE_KEY = 
# environment
GJS_DEBUG_OUTPUT = stderr
# environment
VSCODE_CWD = /home/igorenrick
# default
MAKE_COMMAND := make
# environment
QT_ACCESSIBILITY = 1
# automatic
@D = $(patsubst %/,%,$(dir $@))
# environment
SNAP_INSTANCE_NAME = code
# environment
GDK_PIXBUF_MODULEDIR = /snap/code/102/usr/lib/x86_64-linux-gnu/gdk-pixbuf-2.0/2.10.0/loaders
# environment
VSCODE_HANDLES_UNCAUGHT_ERRORS = true
# default
.VARIABLES := 
# environment
PWD = /home/igorenrick/Área de Trabalho/sde_ble_module
# automatic
%D = $(patsubst %/,%,$(dir $%))
# environment
XDG_DATA_DIRS = /usr/share/ubuntu:/usr/local/share/:/usr/share/:/var/lib/snapd/desktop
# automatic
^D = $(patsubst %/,%,$(dir $^))
# automatic
%F = $(notdir $%)
# environment
VSCODE_CODE_CACHE_PATH = /home/igorenrick/.config/Code/CachedData/3b889b090b5ad5793f524b5d1d39fda662b96a2a
# environment
LANG = C
# environment
XAUTHORITY = /run/user/1000/.mutter-Xwaylandauth.WQ1HQ1
# default
.LOADED := 
# default
.INCLUDE_DIRS = /usr/local/include /usr/include /usr/include
# makefile
MAKEFLAGS = pqrR
# makefile (from 'Makefile', line 2)
PROJECT = main
# makefile
CURDIR := /home/igorenrick/Área de Trabalho/sde_ble_module
# environment
APPLICATION_INSIGHTS_NO_DIAGNOSTIC_CHANNEL = true
# environment
LESSOPEN = | /usr/bin/lesspipe %s
# automatic
*D = $(patsubst %/,%,$(dir $*))
# environment
MFLAGS = -pqrR
# environment
SSH_AUTH_SOCK = /run/user/1000/keyring/ssh
# default
.SHELLFLAGS := -c
# environment
WAYLAND_DISPLAY = wayland-0
# environment
XDG_CONFIG_DIRS = /etc/xdg/xdg-ubuntu:/etc/xdg
# automatic
+D = $(patsubst %/,%,$(dir $+))
# environment
XDG_SESSION_DESKTOP = ubuntu
# makefile (from 'Makefile', line 1)
MAKEFILE_LIST := Makefile
# environment
SNAP_REEXEC = 
# automatic
@F = $(notdir $@)
# environment
VSCODE_PID = 29149
# environment
XDG_SESSION_TYPE = wayland
# automatic
?D = $(patsubst %/,%,$(dir $?))
# environment
BAMF_DESKTOP_FILE_HINT = /var/lib/snapd/desktop/applications/code_code.desktop
# environment
SESSION_MANAGER = local/igorenrick-VivoBook-ASUSLaptop-X512FJ-X512FJ:@/tmp/.ICE-unix/1781,unix/igorenrick-VivoBook-ASUSLaptop-X512FJ-X512FJ:/tmp/.ICE-unix/1781
# automatic
*F = $(notdir $*)
# makefile (from 'Makefile', line 6)
LIBRARY_PATHS = 
# environment
CHROME_DESKTOP = code-url-handler.desktop
# environment
DBUS_SESSION_BUS_ADDRESS = unix:path=/run/user/1000/bus
# automatic
<D = $(patsubst %/,%,$(dir $<))
# environment
VSCODE_NLS_CONFIG = {"locale":"pt-br","availableLanguages":{"*":"pt-br"},"_languagePackId":"dc7ba51c4efcfec965eaa07de065afd6.pt-br","_translationsConfigFile":"/home/igorenrick/.config/Code/clp/dc7ba51c4efcfec965eaa07de065afd6.pt-br/tcf.json","_cacheRoot":"/home/igorenrick/.config/Code/clp/dc7ba51c4efcfec965eaa07de065afd6.pt-br","_resolvedLanguagePackCoreLocation":"/home/igorenrick/.config/Code/clp/dc7ba51c4efcfec965eaa07de065afd6.pt-br/3b889b090b5ad5793f524b5d1d39fda662b96a2a","_corruptedFile":"/home/igorenrick/.config/Code/clp/dc7ba51c4efcfec965eaa07de065afd6.pt-br/corrupted.info","_languagePackSupport":true}
# default
MAKE_HOST := x86_64-pc-linux-gnu
# environment
GNOME_DESKTOP_SESSION_ID = this-is-deprecated
# makefile
SHELL = /bin/sh
# default
MAKECMDGOALS := all
# environment
PLATFORMIO_CALLER = vscode
# environment
XMODIFIERS = @im=ibus
# environment
GJS_DEBUG_TOPICS = JS ERROR;JS LOG
# environment
SHLVL = 0
# environment
MAKELEVEL := 0
# environment
IM_CONFIG_CHECK_ENV = 1
# default
MAKE = $(MAKE_COMMAND)
# environment
SNAP_COOKIE = deOQT_H-dgueCRBFQ_0YmDSxXwFFZ_s4g_zkFov5ppsXwPEBOqf5
# environment
PATH = /usr/local/sbin:/usr/local/bin:/usr/sbin:/usr/bin:/sbin:/bin:/usr/games:/usr/local/games:/snap/bin:/snap/bin
# default
MAKEFILES := 
# environment
LANGUAGE = pt_BR:pt:en
# automatic
^F = $(notdir $^)
# environment
SNAP_USER_COMMON = /home/igorenrick/snap/code/common
# environment
SNAP = /snap/code/102
# makefile (from 'Makefile', line 22)
CC_SYMBOLS = -DTARGET_LPC1769 -DTOOLCHAIN_GCC_ARM -DNDEBUG -D__CORTEX_M3
# environment
INVOCATION_ID = 2ac3fa3d98964455b15e69862bb22d7c
# makefile (from 'Makefile', line 14)
CPP = $(GCC_BIN)arm-none-eabi-g++
# environment
SNAP_REVISION = 102
# environment
SNAP_REAL_HOME = /home/igorenrick
# environment
USERNAME = igorenrick
# makefile (from 'Makefile', line 20)
CPU = -mcpu=cortex-m3 -mthumb
# environment
GNOME_SETUP_DISPLAY = :1
# environment
LESSCLOSE = /usr/bin/lesspipe %s %s
# automatic
?F = $(notdir $?)
# environment
NO_PROXY = 127.0.0.1
# environment
XDG_CURRENT_DESKTOP = Unity
# makefile (from 'Makefile', line 18)
CCLOCAL = gcc
# environment
LS_COLORS = 
# automatic
+F = $(notdir $+)
# environment
DESKTOP_SESSION = ubuntu
# makefile (from 'Makefile', line 25)
LD_SYS_LIBS = -lc -lgcc -lnosys
# environment
ORIGINAL_XDG_CURRENT_DESKTOP = ubuntu:GNOME
# makefile (from 'Makefile', line 3)
OBJECTS = digital.o spi.o system_LPC17xx.o startup_LPC17xx.o main.o delay.o nrf24.o
# 'override' directive
GNUMAKEFLAGS := 
# environment
LOGNAME = igorenrick
# environment
GIO_LAUNCHED_DESKTOP_FILE = /var/lib/snapd/desktop/applications/code_code.desktop
# environment
PLATFORMIO_PATH = /home/igorenrick/.platformio/penv/bin:/home/igorenrick/.platformio/penv:/home/igorenrick/.platformio/python3/bin:/usr/local/sbin:/usr/local/bin:/usr/sbin:/usr/bin:/sbin:/bin:/usr/games:/usr/local/games:/snap/bin:/snap/bin
# environment
SNAP_ARCH = amd64
# makefile
.DEFAULT_GOAL := all
# environment
SYSTEMD_EXEC_PID = 1808
# environment
DISPLAY = :0
# environment
USER = igorenrick
# environment
GTK_MODULES = gail:atk-bridge
# default
MAKE_VERSION := 4.3
# environment
DISABLE_WAYLAND = 1
# environment
SNAP_DATA = /var/snap/code/102
# environment
SNAP_CONTEXT = deOQT_H-dgueCRBFQ_0YmDSxXwFFZ_s4g_zkFov5ppsXwPEBOqf5
# environment
MANAGERPID = 1602
# environment
GIO_LAUNCHED_DESKTOP_FILE_PID = 29101
# environment
_ = /snap/code/102/usr/share/code/code
# environment
XDG_RUNTIME_DIR = /run/user/1000
# makefile (from 'Makefile', line 1)
GCC_BIN = /usr/bin/X11/
# environment
GDK_PIXBUF_MODULE_FILE = /home/igorenrick/snap/code/common/.cache/gdk-pixbuf-loaders.cache
# environment
JOURNAL_STREAM = 8:30391
# environment
XDG_SESSION_CLASS = user
# makefile (from 'Makefile', line 7)
LIBRARIES = 
# environment
VSCODE_AMD_ENTRYPOINT = vs/workbench/api/node/extensionHostProcess
# makefile (from 'Makefile', line 9)
BUILD_DIR = build/
# environment
PLATFORMIO_IDE = 2.5.1
# environment
HOME = /home/igorenrick
# environment
QT_IM_MODULE = ibus
# environment
ELECTRON_RUN_AS_NODE = 1
# environment
VSCODE_IPC_HOOK = /run/user/1000/vscode-b6e3d060-1.69.2-main.sock
# environment
SNAP_NAME = code
# environment
GSETTINGS_SCHEMA_DIR = /snap/code/102/usr/share/glib-2.0/schemas
# makefile (from 'Makefile', line 4)
SYS_OBJECTS = 
# environment
IM_CONFIG_PHASE = 1
# default
.RECIPEPREFIX := 
# automatic
<F = $(notdir $<)
# environment
SNAP_VERSION = 3b889b09
# default
SUFFIXES := 
# makefile (from 'Makefile', line 15)
LD = $(GCC_BIN)arm-none-eabi-gcc
# environment
VSCODE_CLI = 1
# environment
ELECTRON_NO_ATTACH_CONSOLE = 1
# environment
SNAP_COMMON = /var/snap/code/common
# default
.FEATURES := target-specific order-only second-expansion else-if shortest-stem undefine oneshell nocomment grouped-target extra-prereqs archives jobserver output-sync check-symlink load
# makefile (from 'Makefile', line 13)
CC = $(GCC_BIN)arm-none-eabi-gcc
# makefile (from 'Makefile', line 16)
OBJCOPY = $(GCC_BIN)arm-none-eabi-objcopy
# environment
SNAP_USER_DATA = /home/igorenrick/snap/code/102
# environment
XDG_MENU_PREFIX = gnome-
# makefile (from 'Makefile', line 5)
INCLUDE_PATHS = -I. -I./LPC1768 
# makefile (from 'Makefile', line 24)
LD_FLAGS = -mcpu=cortex-m3 -mthumb -Wl,--gc-sections,-Map=$(PROJECT).map,--cref 
# environment
GDMSESSION = ubuntu
# makefile (from 'Makefile', line 21)
CC_FLAGS = $(CPU) -c -fno-common -fmessage-length=0 -Wall -fno-exceptions -ffunction-sections -fdata-sections -g 
# environment
SNAP_LIBRARY_PATH = /var/lib/snapd/lib/gl:/var/lib/snapd/lib/gl32:/var/lib/snapd/void
# variable set hash-table stats:
# Load=142/1024=14%, Rehash=0, Collisions=6/178=3%

# Pattern-specific Variable Values

# No pattern-specific variable values.

# Directories

# . (device 66308, inode 4332353): 23 files, no impossibilities.

# 23 files, no impossibilities in 1 directories.

# Implicit Rules

# No implicit rules.

# Files

.c.o:
#  Implicit rule search has not been done.
#  Modification time never checked.
#  File has not been updated.
#  recipe to execute (from 'Makefile', line 38):
	mkdir -p $(BUILD_DIR)
	$(CC)  $(CC_FLAGS) $(CC_SYMBOLS) -std=gnu99   $(INCLUDE_PATHS) -o $(addprefix $(BUILD_DIR), $@) $<

main.elf: digital.o spi.o system_LPC17xx.o startup_LPC17xx.o main.o delay.o nrf24.o
#  Implicit rule search has not been done.
#  File does not exist.
#  File has not been updated.
#  recipe to execute (from 'Makefile', line 50):
	$(LD) $(LD_FLAGS) -T$(LINKER_SCRIPT) $(LIBRARY_PATHS) -o $@ $(addprefix $(BUILD_DIR), $^) $(LIBRARIES) $(LD_SYS_LIBS) $(LIBRARIES) $(LD_SYS_LIBS)

# Not a target:
digital.o:
#  Implicit rule search has been done.
#  File does not exist.
#  File has not been updated.

# Not a target:
delay.o:
#  Implicit rule search has not been done.
#  Modification time never checked.
#  File has not been updated.

main.bin: main.elf nxpsum
#  Implicit rule search has not been done.
#  File does not exist.
#  File has not been updated.
#  recipe to execute (from 'Makefile', line 53):
	$(OBJCOPY) -O binary $< $@
	# Compute nxp checksum on .bin file here
	./nxpsum $@

# Not a target:
Makefile:
#  Implicit rule search has been done.
#  Last modified 2022-08-01 14:28:06.623351201
#  File has been updated.
#  Successfully updated.

 
clean:
#  Implicit rule search has not been done.
#  Modification time never checked.
#  File has not been updated.
#  recipe to execute (from 'Makefile', line 30):
	rm -f *~ $(PROJECT).bin $(PROJECT).elf $(addprefix $(BUILD_DIR), $(OBJECTS)) $(PROJECT).map
	rmdir $(BUILD_DIR)

.cpp.o:
#  Implicit rule search has not been done.
#  Modification time never checked.
#  File has not been updated.
#  recipe to execute (from 'Makefile', line 42):
	mkdir -p $(BUILD_DIR)
	$(CPP) $(CC_FLAGS) $(CC_SYMBOLS) -std=gnu++98 $(INCLUDE_PATHS) -o $(addprefix $(BUILD_DIR), $@) $<

# Not a target:
nrf24.o:
#  Implicit rule search has not been done.
#  Modification time never checked.
#  File has not been updated.

nxpsum:
#  Implicit rule search has not been done.
#  Modification time never checked.
#  File has not been updated.
#  recipe to execute (from 'Makefile', line 47):
	$(CCLOCAL) nxpsum.c -std=c99 -o nxpsum

# Not a target:
system_LPC17xx.o:
#  Implicit rule search has not been done.
#  Modification time never checked.
#  File has not been updated.

# Not a target:
.DEFAULT:
#  Implicit rule search has not been done.
#  Modification time never checked.
#  File has not been updated.

all: main.bin
#  Command line target.
#  Implicit rule search has been done.
#  File does not exist.
#  File has not been updated.

.s.o:
#  Implicit rule search has not been done.
#  Modification time never checked.
#  File has not been updated.
#  recipe to execute (from 'Makefile', line 34):
	mkdir -p $(BUILD_DIR)
	$(AS) $(CPU) -o $(addprefix $(BUILD_DIR), $@) $<

# Not a target:
startup_LPC17xx.o:
#  Implicit rule search has not been done.
#  Modification time never checked.
#  File has not been updated.

# Not a target:
main.o:
#  Implicit rule search has not been done.
#  Modification time never checked.
#  File has not been updated.

install:
#  Implicit rule search has not been done.
#  Modification time never checked.
#  File has not been updated.
#  recipe to execute (from 'Makefile', line 59):
	 lpc21isp -control -bin main.bin /dev/ttyUSB0 115200 12000

# Not a target:
spi.o:
#  Implicit rule search has not been done.
#  Modification time never checked.
#  File has not been updated.

# files hash-table stats:
# Load=19/1024=2%, Rehash=0, Collisions=0/41=0%
# VPATH Search Paths

# No 'vpath' search paths.

# No general ('VPATH' variable) search path.

# strcache buffers: 1 (0) / strings = 43 / storage = 388 B / avg = 9 B
# current buf: size = 8162 B / used = 388 B / count = 43 / avg = 9 B

# strcache performance: lookups = 60 / hit rate = 28%
# hash-table stats:
# Load=43/8192=1%, Rehash=0, Collisions=0/60=0%
# Finished Make data base on Mon Aug  1 14:28:43 2022

 
